[2026-01-14T21:19:27.017Z] API /api/chat received: {"slug":"browser-test-chat","messageCount":1}
[2026-01-14T21:19:27.057Z] Starting streamText with prompt length: 620
[2026-01-14T21:19:27.058Z] streamText initiated successfully 
[2026-01-14T21:19:55.852Z] API /api/chat received: {"slug":"browser-test-chat","messageCount":1}
[2026-01-14T21:19:55.893Z] Starting streamText with prompt length: 620
[2026-01-14T21:19:55.893Z] API Key Check: "Present (sk-pr...)"
[2026-01-14T21:19:55.894Z] streamText initiated successfully 
[2026-01-14T21:19:57.201Z] Stream finished on server: {"textLength":93,"usage":{"inputTokens":147,"inputTokenDetails":{"noCacheTokens":147,"cacheReadTokens":0},"outputTokens":19,"outputTokenDetails":{"textTokens":19,"reasoningTokens":0},"totalTokens":166,"raw":{"input_tokens":147,"input_tokens_details":{"cached_tokens":0},"output_tokens":19,"output_tokens_details":{"reasoning_tokens":0}},"reasoningTokens":0,"cachedInputTokens":0},"finishReason":"stop"}
[2026-01-14T21:21:10.277Z] API /api/chat received: {"slug":"browser-test-chat","messageCount":1}
[2026-01-14T21:21:10.319Z] Starting streamText with prompt length: 620
[2026-01-14T21:21:10.319Z] API Key Check: "Present (sk-pr...)"
[2026-01-14T21:21:10.320Z] streamText initiated successfully 
[2026-01-14T21:21:11.287Z] Stream finished on server: {"textLength":62,"usage":{"inputTokens":148,"inputTokenDetails":{"noCacheTokens":148,"cacheReadTokens":0},"outputTokens":15,"outputTokenDetails":{"textTokens":15,"reasoningTokens":0},"totalTokens":163,"raw":{"input_tokens":148,"input_tokens_details":{"cached_tokens":0},"output_tokens":15,"output_tokens_details":{"reasoning_tokens":0}},"reasoningTokens":0,"cachedInputTokens":0},"finishReason":"stop"}
[2026-01-14T21:22:19.617Z] API /api/chat received: {"slug":"browser-test-chat","messageCount":1}
[2026-01-14T21:22:19.873Z] Starting streamText with prompt length: 620
[2026-01-14T21:22:19.874Z] API Key Check: "Present (sk-pr...)"
[2026-01-14T21:22:19.876Z] streamText initiated successfully 
[2026-01-14T21:22:21.120Z] Stream finished on server: {"textLength":131,"usage":{"inputTokens":148,"inputTokenDetails":{"noCacheTokens":148,"cacheReadTokens":0},"outputTokens":34,"outputTokenDetails":{"textTokens":34,"reasoningTokens":0},"totalTokens":182,"raw":{"input_tokens":148,"input_tokens_details":{"cached_tokens":0},"output_tokens":34,"output_tokens_details":{"reasoning_tokens":0}},"reasoningTokens":0,"cachedInputTokens":0},"finishReason":"stop"}
[2026-01-14T21:22:22.862Z] API /api/chat received: {"slug":"browser-test-chat","messageCount":2}
[2026-01-14T21:22:22.890Z] Starting streamText with prompt length: 620
[2026-01-14T21:22:22.890Z] API Key Check: "Present (sk-pr...)"
[2026-01-14T21:22:22.892Z] streamText initiated successfully 
[2026-01-14T21:22:25.058Z] Stream finished on server: {"textLength":146,"usage":{"inputTokens":155,"inputTokenDetails":{"noCacheTokens":155,"cacheReadTokens":0},"outputTokens":34,"outputTokenDetails":{"textTokens":34,"reasoningTokens":0},"totalTokens":189,"raw":{"input_tokens":155,"input_tokens_details":{"cached_tokens":0},"output_tokens":34,"output_tokens_details":{"reasoning_tokens":0}},"reasoningTokens":0,"cachedInputTokens":0},"finishReason":"stop"}
[2026-01-14T21:24:31.348Z] API /api/chat received: {"slug":"uigi","messageCount":8}
[2026-01-14T21:24:31.390Z] Starting streamText with prompt length: 870
[2026-01-14T21:24:31.390Z] API Key Check: "Present (sk-pr...)"
[2026-01-14T21:24:31.391Z] streamText initiated successfully 
[2026-01-14T21:24:33.052Z] Stream finished on server: {"textLength":146,"usage":{"inputTokens":347,"inputTokenDetails":{"noCacheTokens":347,"cacheReadTokens":0},"outputTokens":30,"outputTokenDetails":{"textTokens":30,"reasoningTokens":0},"totalTokens":377,"raw":{"input_tokens":347,"input_tokens_details":{"cached_tokens":0},"output_tokens":30,"output_tokens_details":{"reasoning_tokens":0}},"reasoningTokens":0,"cachedInputTokens":0},"finishReason":"stop"}
[2026-01-14T21:24:39.421Z] API /api/chat received: {"slug":"uigi","messageCount":1}
[2026-01-14T21:24:39.447Z] Starting streamText with prompt length: 870
[2026-01-14T21:24:39.447Z] API Key Check: "Present (sk-pr...)"
[2026-01-14T21:24:39.448Z] streamText initiated successfully 
[2026-01-14T21:24:40.415Z] Stream finished on server: {"textLength":106,"usage":{"inputTokens":198,"inputTokenDetails":{"noCacheTokens":198,"cacheReadTokens":0},"outputTokens":22,"outputTokenDetails":{"textTokens":22,"reasoningTokens":0},"totalTokens":220,"raw":{"input_tokens":198,"input_tokens_details":{"cached_tokens":0},"output_tokens":22,"output_tokens_details":{"reasoning_tokens":0}},"reasoningTokens":0,"cachedInputTokens":0},"finishReason":"stop"}
[2026-01-14T21:31:17.637Z] API /api/chat received: {"slug":"uigi","messageCount":1}
[2026-01-14T21:31:18.364Z] Starting streamText with prompt length: 870
[2026-01-14T21:31:18.365Z] API Key Check: "Present (sk-pr...)"
[2026-01-14T21:31:18.366Z] streamText initiated successfully 
[2026-01-14T21:31:19.310Z] Stream finished on server: {"textLength":116,"usage":{"inputTokens":206,"inputTokenDetails":{"noCacheTokens":206,"cacheReadTokens":0},"outputTokens":25,"outputTokenDetails":{"textTokens":25,"reasoningTokens":0},"totalTokens":231,"raw":{"input_tokens":206,"input_tokens_details":{"cached_tokens":0},"output_tokens":25,"output_tokens_details":{"reasoning_tokens":0}},"reasoningTokens":0,"cachedInputTokens":0},"finishReason":"stop"}
[2026-01-14T21:32:19.510Z] API /api/chat received: {"slug":"uigi","messageCount":1}
[2026-01-14T21:32:19.571Z] Starting streamText with prompt length: 870
[2026-01-14T21:32:19.573Z] API Key Check: "Present (sk-pr...)"
[2026-01-14T21:32:19.574Z] streamText initiated successfully 
[2026-01-14T21:32:22.014Z] Stream finished on server: {"textLength":215,"usage":{"inputTokens":285,"inputTokenDetails":{"noCacheTokens":285,"cacheReadTokens":0},"outputTokens":44,"outputTokenDetails":{"textTokens":44,"reasoningTokens":0},"totalTokens":329,"raw":{"input_tokens":285,"input_tokens_details":{"cached_tokens":0},"output_tokens":44,"output_tokens_details":{"reasoning_tokens":0}},"reasoningTokens":0,"cachedInputTokens":0},"finishReason":"stop"}
[2026-01-14T21:33:22.533Z] API /api/chat received: {"slug":"uigi","messageCount":2}
[2026-01-14T21:33:22.576Z] Starting streamText with prompt length: 870
[2026-01-14T21:33:22.576Z] API Key Check: "Present (sk-pr...)"
[2026-01-14T21:33:22.578Z] streamText initiated successfully 
[2026-01-14T21:33:23.727Z] Stream finished on server: {"textLength":160,"usage":{"inputTokens":296,"inputTokenDetails":{"noCacheTokens":296,"cacheReadTokens":0},"outputTokens":35,"outputTokenDetails":{"textTokens":35,"reasoningTokens":0},"totalTokens":331,"raw":{"input_tokens":296,"input_tokens_details":{"cached_tokens":0},"output_tokens":35,"output_tokens_details":{"reasoning_tokens":0}},"reasoningTokens":0,"cachedInputTokens":0},"finishReason":"stop"}
[2026-01-14T21:35:44.531Z] API /api/chat received: {"slug":"uigi","messageCount":1}
[2026-01-14T21:35:44.572Z] Starting streamText with prompt length: 870
[2026-01-14T21:35:44.572Z] API Key Check: "Present (sk-pr...)"
[2026-01-14T21:35:44.573Z] streamText initiated successfully 
[2026-01-14T21:35:45.869Z] Stream finished on server: {"textLength":82,"usage":{"inputTokens":203,"inputTokenDetails":{"noCacheTokens":203,"cacheReadTokens":0},"outputTokens":18,"outputTokenDetails":{"textTokens":18,"reasoningTokens":0},"totalTokens":221,"raw":{"input_tokens":203,"input_tokens_details":{"cached_tokens":0},"output_tokens":18,"output_tokens_details":{"reasoning_tokens":0}},"reasoningTokens":0,"cachedInputTokens":0},"finishReason":"stop"}
[2026-01-14T21:36:06.269Z] API /api/chat received: {"slug":"uigi","messageCount":2}
[2026-01-14T21:36:06.317Z] Starting streamText with prompt length: 870
[2026-01-14T21:36:06.317Z] API Key Check: "Present (sk-pr...)"
[2026-01-14T21:36:06.318Z] streamText initiated successfully 
[2026-01-14T21:36:07.419Z] Stream finished on server: {"textLength":116,"usage":{"inputTokens":209,"inputTokenDetails":{"noCacheTokens":209,"cacheReadTokens":0},"outputTokens":27,"outputTokenDetails":{"textTokens":27,"reasoningTokens":0},"totalTokens":236,"raw":{"input_tokens":209,"input_tokens_details":{"cached_tokens":0},"output_tokens":27,"output_tokens_details":{"reasoning_tokens":0}},"reasoningTokens":0,"cachedInputTokens":0},"finishReason":"stop"}
[2026-01-14T21:36:12.151Z] API /api/chat received: {"slug":"uigi","messageCount":3}
[2026-01-14T21:36:12.179Z] Starting streamText with prompt length: 870
[2026-01-14T21:36:12.179Z] API Key Check: "Present (sk-pr...)"
[2026-01-14T21:36:12.180Z] streamText initiated successfully 
[2026-01-14T21:36:13.235Z] Stream finished on server: {"textLength":95,"usage":{"inputTokens":215,"inputTokenDetails":{"noCacheTokens":215,"cacheReadTokens":0},"outputTokens":23,"outputTokenDetails":{"textTokens":23,"reasoningTokens":0},"totalTokens":238,"raw":{"input_tokens":215,"input_tokens_details":{"cached_tokens":0},"output_tokens":23,"output_tokens_details":{"reasoning_tokens":0}},"reasoningTokens":0,"cachedInputTokens":0},"finishReason":"stop"}
[2026-01-14T21:36:59.144Z] API /api/chat received: {"slug":"uigi","messageCount":1}
[2026-01-14T21:36:59.339Z] Starting streamText with prompt length: 870
[2026-01-14T21:36:59.339Z] API Key Check: "Present (sk-pr...)"
[2026-01-14T21:36:59.340Z] streamText initiated successfully 
[2026-01-14T21:37:00.277Z] Stream finished on server: {"textLength":96,"usage":{"inputTokens":203,"inputTokenDetails":{"noCacheTokens":203,"cacheReadTokens":0},"outputTokens":22,"outputTokenDetails":{"textTokens":22,"reasoningTokens":0},"totalTokens":225,"raw":{"input_tokens":203,"input_tokens_details":{"cached_tokens":0},"output_tokens":22,"output_tokens_details":{"reasoning_tokens":0}},"reasoningTokens":0,"cachedInputTokens":0},"finishReason":"stop"}
[2026-01-14T21:37:05.107Z] API /api/chat received: {"slug":"uigi","messageCount":2}
[2026-01-14T21:37:05.127Z] Starting streamText with prompt length: 870
[2026-01-14T21:37:05.127Z] API Key Check: "Present (sk-pr...)"
[2026-01-14T21:37:05.128Z] streamText initiated successfully 
[2026-01-14T21:37:06.519Z] Stream finished on server: {"textLength":96,"usage":{"inputTokens":208,"inputTokenDetails":{"noCacheTokens":208,"cacheReadTokens":0},"outputTokens":22,"outputTokenDetails":{"textTokens":22,"reasoningTokens":0},"totalTokens":230,"raw":{"input_tokens":208,"input_tokens_details":{"cached_tokens":0},"output_tokens":22,"output_tokens_details":{"reasoning_tokens":0}},"reasoningTokens":0,"cachedInputTokens":0},"finishReason":"stop"}
[2026-01-14T21:39:03.850Z] API /api/chat received: {"slug":"uigi","messageCount":3}
[2026-01-14T21:39:03.892Z] Starting streamText with prompt length: 870
[2026-01-14T21:39:03.892Z] API Key Check: "Present (sk-pr...)"
[2026-01-14T21:39:03.893Z] streamText initiated successfully 
[2026-01-14T21:39:04.872Z] Stream finished on server: {"textLength":104,"usage":{"inputTokens":216,"inputTokenDetails":{"noCacheTokens":216,"cacheReadTokens":0},"outputTokens":20,"outputTokenDetails":{"textTokens":20,"reasoningTokens":0},"totalTokens":236,"raw":{"input_tokens":216,"input_tokens_details":{"cached_tokens":0},"output_tokens":20,"output_tokens_details":{"reasoning_tokens":0}},"reasoningTokens":0,"cachedInputTokens":0},"finishReason":"stop"}
[2026-01-14T21:39:13.063Z] API /api/chat received: {"slug":"uigi","messageCount":4}
[2026-01-14T21:39:13.083Z] Starting streamText with prompt length: 870
[2026-01-14T21:39:13.083Z] API Key Check: "Present (sk-pr...)"
[2026-01-14T21:39:13.084Z] streamText initiated successfully 
[2026-01-14T21:39:14.663Z] Stream finished on server: {"textLength":74,"usage":{"inputTokens":222,"inputTokenDetails":{"noCacheTokens":222,"cacheReadTokens":0},"outputTokens":15,"outputTokenDetails":{"textTokens":15,"reasoningTokens":0},"totalTokens":237,"raw":{"input_tokens":222,"input_tokens_details":{"cached_tokens":0},"output_tokens":15,"output_tokens_details":{"reasoning_tokens":0}},"reasoningTokens":0,"cachedInputTokens":0},"finishReason":"stop"}
[2026-01-14T21:39:20.992Z] API /api/chat received: {"slug":"uigi","messageCount":5}
[2026-01-14T21:39:21.030Z] Starting streamText with prompt length: 870
[2026-01-14T21:39:21.030Z] API Key Check: "Present (sk-pr...)"
[2026-01-14T21:39:21.031Z] streamText initiated successfully 
[2026-01-14T21:39:22.171Z] Stream finished on server: {"textLength":100,"usage":{"inputTokens":230,"inputTokenDetails":{"noCacheTokens":230,"cacheReadTokens":0},"outputTokens":22,"outputTokenDetails":{"textTokens":22,"reasoningTokens":0},"totalTokens":252,"raw":{"input_tokens":230,"input_tokens_details":{"cached_tokens":0},"output_tokens":22,"output_tokens_details":{"reasoning_tokens":0}},"reasoningTokens":0,"cachedInputTokens":0},"finishReason":"stop"}
[2026-01-14T21:40:32.600Z] API /api/chat received: {"slug":"uigi","messageCount":1}
[2026-01-14T21:40:32.643Z] Starting streamText with prompt length: 870
[2026-01-14T21:40:32.643Z] API Key Check: "Present (sk-pr...)"
[2026-01-14T21:40:32.643Z] streamText initiated successfully 
[2026-01-14T21:40:33.715Z] Stream finished on server: {"textLength":76,"usage":{"inputTokens":199,"inputTokenDetails":{"noCacheTokens":199,"cacheReadTokens":0},"outputTokens":17,"outputTokenDetails":{"textTokens":17,"reasoningTokens":0},"totalTokens":216,"raw":{"input_tokens":199,"input_tokens_details":{"cached_tokens":0},"output_tokens":17,"output_tokens_details":{"reasoning_tokens":0}},"reasoningTokens":0,"cachedInputTokens":0},"finishReason":"stop"}
[2026-01-14T21:40:45.772Z] API /api/chat received: {"slug":"uigi","messageCount":2}
[2026-01-14T21:40:45.794Z] Starting streamText with prompt length: 870
[2026-01-14T21:40:45.795Z] API Key Check: "Present (sk-pr...)"
[2026-01-14T21:40:45.795Z] streamText initiated successfully 
[2026-01-14T21:40:47.782Z] Stream finished on server: {"textLength":88,"usage":{"inputTokens":204,"inputTokenDetails":{"noCacheTokens":204,"cacheReadTokens":0},"outputTokens":17,"outputTokenDetails":{"textTokens":17,"reasoningTokens":0},"totalTokens":221,"raw":{"input_tokens":204,"input_tokens_details":{"cached_tokens":0},"output_tokens":17,"output_tokens_details":{"reasoning_tokens":0}},"reasoningTokens":0,"cachedInputTokens":0},"finishReason":"stop"}
[2026-01-14T21:53:19.683Z] API /api/chat received: {"slug":"uigi","messageCount":1}
[2026-01-14T21:53:20.395Z] Starting streamText with prompt length: 870
[2026-01-14T21:53:20.395Z] API Key Check: "Present (sk-pr...)"
[2026-01-14T21:53:20.397Z] streamText initiated successfully 
[2026-01-14T21:56:14.543Z] API /api/chat received: {"slug":"uigi","messageCount":1}
[2026-01-14T21:56:14.587Z] Starting streamText with prompt length: 870
[2026-01-14T21:56:14.587Z] API Key Check: "Present (sk-pr...)"
[2026-01-14T21:56:14.587Z] streamText initiated successfully 
[2026-01-14T21:57:39.733Z] API /api/chat received: {"slug":"uigi","messageCount":3}
[2026-01-14T21:57:39.781Z] Starting streamText with prompt length: 870
[2026-01-14T21:57:39.781Z] API Key Check: "Present (sk-pr...)"
[2026-01-14T21:57:39.782Z] streamText initiated successfully 
[2026-01-14T21:59:22.920Z] API /api/chat received: {"slug":"uigi","messageCount":1}
[2026-01-14T21:59:22.961Z] Starting streamText with prompt length: 870
[2026-01-14T21:59:22.961Z] API Key Check: "Present (sk-pr...)"
[2026-01-14T21:59:22.962Z] streamText initiated successfully 
[2026-01-14T21:59:30.045Z] API /api/chat received: {"slug":"uigi","messageCount":1}
[2026-01-14T21:59:30.065Z] Starting streamText with prompt length: 870
[2026-01-14T21:59:30.065Z] API Key Check: "Present (sk-pr...)"
[2026-01-14T21:59:30.066Z] streamText initiated successfully 
[2026-01-14T21:59:31.242Z] Stream finished on server: {"textLength":61,"usage":{"inputTokens":199,"inputTokenDetails":{"noCacheTokens":199,"cacheReadTokens":0},"outputTokens":13,"outputTokenDetails":{"textTokens":13,"reasoningTokens":0},"totalTokens":212,"raw":{"input_tokens":199,"input_tokens_details":{"cached_tokens":0},"output_tokens":13,"output_tokens_details":{"reasoning_tokens":0}},"reasoningTokens":0,"cachedInputTokens":0},"finishReason":"stop"}
[2026-01-14T22:01:52.272Z] API /api/chat received: {"slug":"uigi","messageCount":1}
[2026-01-14T22:01:52.314Z] Starting streamText with prompt length: 870
[2026-01-14T22:01:52.314Z] API Key Check: "Present (sk-pr...)"
[2026-01-14T22:01:52.315Z] streamText initiated successfully 
[2026-01-14T22:03:54.941Z] API /api/chat received: {"slug":"uigi","messageCount":1}
[2026-01-14T22:03:54.986Z] Starting streamText with prompt length: 870
[2026-01-14T22:03:54.986Z] API Key Check: "Present (sk-pr...)"
[2026-01-14T22:03:54.986Z] Converted messages: {"originalCount":1,"modelCount":1}
[2026-01-14T22:03:54.987Z] streamText initiated successfully 
[2026-01-14T22:03:56.224Z] Stream finished on server: {"textLength":74,"usage":{"inputTokens":198,"inputTokenDetails":{"noCacheTokens":198,"cacheReadTokens":0},"outputTokens":15,"outputTokenDetails":{"textTokens":15,"reasoningTokens":0},"totalTokens":213,"raw":{"input_tokens":198,"input_tokens_details":{"cached_tokens":0},"output_tokens":15,"output_tokens_details":{"reasoning_tokens":0}},"reasoningTokens":0,"cachedInputTokens":0},"finishReason":"stop"}
[2026-01-14T22:04:40.200Z] API /api/chat received: {"slug":"uigi","messageCount":3}
[2026-01-14T22:04:40.450Z] Starting streamText with prompt length: 870
[2026-01-14T22:04:40.450Z] API Key Check: "Present (sk-pr...)"
[2026-01-14T22:04:40.450Z] Converted messages: {"originalCount":3,"modelCount":3}
[2026-01-14T22:04:40.451Z] streamText initiated successfully 
[2026-01-14T22:04:41.792Z] Stream finished on server: {"textLength":97,"usage":{"inputTokens":221,"inputTokenDetails":{"noCacheTokens":221,"cacheReadTokens":0},"outputTokens":22,"outputTokenDetails":{"textTokens":22,"reasoningTokens":0},"totalTokens":243,"raw":{"input_tokens":221,"input_tokens_details":{"cached_tokens":0},"output_tokens":22,"output_tokens_details":{"reasoning_tokens":0}},"reasoningTokens":0,"cachedInputTokens":0},"finishReason":"stop"}
[2026-01-14T22:04:54.168Z] API /api/chat received: {"slug":"uigi","messageCount":5}
[2026-01-14T22:04:54.189Z] Starting streamText with prompt length: 870
[2026-01-14T22:04:54.189Z] API Key Check: "Present (sk-pr...)"
[2026-01-14T22:04:54.189Z] Converted messages: {"originalCount":5,"modelCount":5}
[2026-01-14T22:04:54.190Z] streamText initiated successfully 
[2026-01-14T22:04:55.222Z] Stream finished on server: {"textLength":135,"usage":{"inputTokens":264,"inputTokenDetails":{"noCacheTokens":264,"cacheReadTokens":0},"outputTokens":27,"outputTokenDetails":{"textTokens":27,"reasoningTokens":0},"totalTokens":291,"raw":{"input_tokens":264,"input_tokens_details":{"cached_tokens":0},"output_tokens":27,"output_tokens_details":{"reasoning_tokens":0}},"reasoningTokens":0,"cachedInputTokens":0},"finishReason":"stop"}
[2026-01-14T22:11:35.555Z] API /api/chat received: {"slug":"uigi","messageCount":7}
[2026-01-14T22:11:36.274Z] Starting streamText with prompt length: 870
[2026-01-14T22:11:36.275Z] API Key Check: "Present (sk-pr...)"
[2026-01-14T22:11:36.277Z] Converted messages: {"originalCount":7,"modelCount":7}
[2026-01-14T22:11:36.278Z] streamText initiated successfully 
[2026-01-14T22:11:38.105Z] Stream finished on server: {"textLength":132,"usage":{"inputTokens":307,"inputTokenDetails":{"noCacheTokens":307,"cacheReadTokens":0},"outputTokens":28,"outputTokenDetails":{"textTokens":28,"reasoningTokens":0},"totalTokens":335,"raw":{"input_tokens":307,"input_tokens_details":{"cached_tokens":0},"output_tokens":28,"output_tokens_details":{"reasoning_tokens":0}},"reasoningTokens":0,"cachedInputTokens":0},"finishReason":"stop"}
[2026-01-14T22:31:43.165Z] API /api/chat received: {"slug":"uigi","messageCount":1,"hasGuestToken":false}
[2026-01-14T22:31:43.243Z] Starting streamText with prompt length: 870
[2026-01-14T22:31:43.243Z] API Key Check: "Present (sk-pr...)"
[2026-01-14T22:31:43.243Z] Converted messages: {"originalCount":1,"modelCount":1}
[2026-01-14T22:31:43.245Z] streamText initiated successfully 
[2026-01-14T22:31:44.736Z] Stream finished on server: {"textLength":74,"usage":{"inputTokens":199,"inputTokenDetails":{"noCacheTokens":199,"cacheReadTokens":0},"outputTokens":15,"outputTokenDetails":{"textTokens":15,"reasoningTokens":0},"totalTokens":214,"raw":{"input_tokens":199,"input_tokens_details":{"cached_tokens":0},"output_tokens":15,"output_tokens_details":{"reasoning_tokens":0}},"reasoningTokens":0,"cachedInputTokens":0},"finishReason":"stop"}
[2026-01-15T17:25:12.958Z] API /api/chat/history request: {"slug":"uigi","hasGuestToken":true}
[2026-01-15T17:25:13.637Z] Error in /api/chat/history: {}
[2026-01-15T17:25:22.147Z] API /api/chat/history request: {"slug":"uigi","hasGuestToken":true}
[2026-01-15T17:25:22.168Z] Error in /api/chat/history: {}
[2026-01-15T17:28:42.924Z] API /api/chat/history request: {"slug":"uigi","hasGuestToken":true}
[2026-01-15T17:28:42.928Z] API /api/chat/history request: {"slug":"uigi","hasGuestToken":true}
[2026-01-15T17:28:42.944Z] Error in /api/chat/history: {}
[2026-01-15T17:28:43.068Z] Error in /api/chat/history: {}
[2026-01-15T17:28:49.800Z] API /api/chat received: {"slug":"uigi","messageCount":1,"hasGuestToken":false}
[2026-01-15T17:28:49.830Z] Starting streamText with prompt length: 870
[2026-01-15T17:28:49.831Z] API Key Check: "Present (sk-pr...)"
[2026-01-15T17:28:49.831Z] Converted messages: {"originalCount":1,"modelCount":1}
[2026-01-15T17:28:49.831Z] streamText initiated successfully 
[2026-01-15T17:28:52.973Z] Stream finished on server: {"textLength":289,"usage":{"inputTokens":211,"inputTokenDetails":{"noCacheTokens":211,"cacheReadTokens":0},"outputTokens":52,"outputTokenDetails":{"textTokens":52,"reasoningTokens":0},"totalTokens":263,"raw":{"input_tokens":211,"input_tokens_details":{"cached_tokens":0},"output_tokens":52,"output_tokens_details":{"reasoning_tokens":0}},"reasoningTokens":0,"cachedInputTokens":0},"finishReason":"stop"}
[2026-01-15T17:30:11.284Z] API /api/chat/history request: {"slug":"uigi","hasGuestToken":true}
[2026-01-15T17:30:11.478Z] No session found for: {"slug":"uigi","guestToken":"92b276c9-2a93-4829-b9d4-b2d2b1eb90d9"}
[2026-01-15T17:30:11.486Z] API /api/chat/history request: {"slug":"uigi","hasGuestToken":true}
[2026-01-15T17:30:11.517Z] No session found for: {"slug":"uigi","guestToken":"92b276c9-2a93-4829-b9d4-b2d2b1eb90d9"}
[2026-01-15T17:30:11.809Z] API /api/chat/history request: {"slug":"uigi","hasGuestToken":true}
[2026-01-15T17:30:11.958Z] No session found for: {"slug":"uigi","guestToken":"92b276c9-2a93-4829-b9d4-b2d2b1eb90d9"}
[2026-01-15T17:30:11.962Z] API /api/chat/history request: {"slug":"uigi","hasGuestToken":true}
[2026-01-15T17:30:11.992Z] No session found for: {"slug":"uigi","guestToken":"92b276c9-2a93-4829-b9d4-b2d2b1eb90d9"}
[2026-01-15T17:30:11.997Z] API /api/chat/history request: {"slug":"uigi","hasGuestToken":true}
[2026-01-15T17:30:12.025Z] No session found for: {"slug":"uigi","guestToken":"92b276c9-2a93-4829-b9d4-b2d2b1eb90d9"}
[2026-01-15T17:30:12.031Z] API /api/chat/history request: {"slug":"uigi","hasGuestToken":true}
[2026-01-15T17:30:12.057Z] No session found for: {"slug":"uigi","guestToken":"92b276c9-2a93-4829-b9d4-b2d2b1eb90d9"}
[2026-01-15T17:30:12.060Z] API /api/chat/history request: {"slug":"uigi","hasGuestToken":true}
[2026-01-15T17:30:12.091Z] No session found for: {"slug":"uigi","guestToken":"92b276c9-2a93-4829-b9d4-b2d2b1eb90d9"}
[2026-01-15T17:30:26.300Z] API /api/chat/history request: {"slug":"uigi","hasGuestToken":true}
[2026-01-15T17:30:26.333Z] No session found for: {"slug":"uigi","guestToken":"92b276c9-2a93-4829-b9d4-b2d2b1eb90d9"}
[2026-01-15T17:30:38.448Z] API /api/chat received: {"slug":"uigi","messageCount":1,"hasGuestToken":false}
[2026-01-15T17:30:38.492Z] Starting streamText with prompt length: 870
[2026-01-15T17:30:38.492Z] API Key Check: "Present (sk-pr...)"
[2026-01-15T17:30:38.493Z] Converted messages: {"originalCount":1,"modelCount":1}
[2026-01-15T17:30:38.493Z] streamText initiated successfully 
[2026-01-15T17:30:40.519Z] Stream finished on server: {"textLength":114,"usage":{"inputTokens":200,"inputTokenDetails":{"noCacheTokens":200,"cacheReadTokens":0},"outputTokens":23,"outputTokenDetails":{"textTokens":23,"reasoningTokens":0},"totalTokens":223,"raw":{"input_tokens":200,"input_tokens_details":{"cached_tokens":0},"output_tokens":23,"output_tokens_details":{"reasoning_tokens":0}},"reasoningTokens":0,"cachedInputTokens":0},"finishReason":"stop"}
[2026-01-15T17:30:51.443Z] API /api/chat/history request: {"slug":"uigi","hasGuestToken":true}
[2026-01-15T17:30:51.470Z] No session found for: {"slug":"uigi","guestToken":"92b276c9-2a93-4829-b9d4-b2d2b1eb90d9"}
[2026-01-15T17:31:10.594Z] API /api/chat/history request: {"slug":"uigi","hasGuestToken":true}
[2026-01-15T17:31:10.636Z] No session found for: {"slug":"uigi","guestToken":"92b276c9-2a93-4829-b9d4-b2d2b1eb90d9"}
[2026-01-15T17:31:33.542Z] API /api/chat received: {"slug":"uigi","messageCount":1,"hasGuestToken":false}
[2026-01-15T17:31:33.570Z] Starting streamText with prompt length: 870
[2026-01-15T17:31:33.571Z] API Key Check: "Present (sk-pr...)"
[2026-01-15T17:31:33.571Z] Converted messages: {"originalCount":1,"modelCount":1}
[2026-01-15T17:31:33.571Z] streamText initiated successfully 
[2026-01-15T17:31:35.115Z] Stream finished on server: {"textLength":74,"usage":{"inputTokens":201,"inputTokenDetails":{"noCacheTokens":201,"cacheReadTokens":0},"outputTokens":15,"outputTokenDetails":{"textTokens":15,"reasoningTokens":0},"totalTokens":216,"raw":{"input_tokens":201,"input_tokens_details":{"cached_tokens":0},"output_tokens":15,"output_tokens_details":{"reasoning_tokens":0}},"reasoningTokens":0,"cachedInputTokens":0},"finishReason":"stop"}
[2026-01-15T17:31:46.453Z] API /api/chat/history request: {"slug":"uigi","hasGuestToken":true}
[2026-01-15T17:31:46.486Z] No session found for: {"slug":"uigi","guestToken":"92b276c9-2a93-4829-b9d4-b2d2b1eb90d9"}
[2026-01-15T17:34:42.869Z] API /api/chat/history request: {"slug":"uigi","hasGuestToken":true}
[2026-01-15T17:34:42.913Z] No session found for: {"slug":"uigi","guestToken":"92b276c9-2a93-4829-b9d4-b2d2b1eb90d9"}
[2026-01-15T17:34:42.920Z] API /api/chat/history request: {"slug":"uigi","hasGuestToken":true}
[2026-01-15T17:34:42.951Z] No session found for: {"slug":"uigi","guestToken":"92b276c9-2a93-4829-b9d4-b2d2b1eb90d9"}
[2026-01-15T17:34:42.954Z] API /api/chat/history request: {"slug":"uigi","hasGuestToken":true}
[2026-01-15T17:34:42.982Z] No session found for: {"slug":"uigi","guestToken":"92b276c9-2a93-4829-b9d4-b2d2b1eb90d9"}
[2026-01-15T17:34:42.989Z] API /api/chat/history request: {"slug":"uigi","hasGuestToken":true}
[2026-01-15T17:34:43.018Z] No session found for: {"slug":"uigi","guestToken":"92b276c9-2a93-4829-b9d4-b2d2b1eb90d9"}
[2026-01-15T17:34:43.023Z] API /api/chat/history request: {"slug":"uigi","hasGuestToken":true}
[2026-01-15T17:34:43.051Z] No session found for: {"slug":"uigi","guestToken":"92b276c9-2a93-4829-b9d4-b2d2b1eb90d9"}
[2026-01-15T17:34:43.057Z] API /api/chat/history request: {"slug":"uigi","hasGuestToken":true}
[2026-01-15T17:34:43.085Z] No session found for: {"slug":"uigi","guestToken":"92b276c9-2a93-4829-b9d4-b2d2b1eb90d9"}
[2026-01-15T17:34:43.097Z] API /api/chat/history request: {"slug":"uigi","hasGuestToken":true}
[2026-01-15T17:34:43.126Z] No session found for: {"slug":"uigi","guestToken":"92b276c9-2a93-4829-b9d4-b2d2b1eb90d9"}
[2026-01-15T17:34:43.131Z] API /api/chat/history request: {"slug":"uigi","hasGuestToken":true}
[2026-01-15T17:34:43.159Z] No session found for: {"slug":"uigi","guestToken":"92b276c9-2a93-4829-b9d4-b2d2b1eb90d9"}
[2026-01-15T17:34:57.512Z] API /api/chat/history request: {"slug":"uigi","hasGuestToken":true}
[2026-01-15T17:34:57.546Z] No session found for: {"slug":"uigi","guestToken":"92b276c9-2a93-4829-b9d4-b2d2b1eb90d9"}
[2026-01-15T17:35:08.681Z] API /api/chat received: {"slug":"uigi","messageCount":1,"hasGuestToken":true}
[2026-01-15T17:35:08.821Z] Saved user message to database 
[2026-01-15T17:35:08.822Z] Starting streamText with prompt length: 870
[2026-01-15T17:35:08.822Z] API Key Check: "Present (sk-pr...)"
[2026-01-15T17:35:08.822Z] Converted messages: {"originalCount":1,"modelCount":1}
[2026-01-15T17:35:08.822Z] streamText initiated successfully 
[2026-01-15T17:35:10.792Z] Stream finished on server: {"textLength":93,"usage":{"inputTokens":200,"inputTokenDetails":{"noCacheTokens":200,"cacheReadTokens":0},"outputTokens":19,"outputTokenDetails":{"textTokens":19,"reasoningTokens":0},"totalTokens":219,"raw":{"input_tokens":200,"input_tokens_details":{"cached_tokens":0},"output_tokens":19,"output_tokens_details":{"reasoning_tokens":0}},"reasoningTokens":0,"cachedInputTokens":0},"finishReason":"stop"}
[2026-01-15T17:35:10.807Z] Saved assistant message to database 
[2026-01-15T17:35:21.281Z] API /api/chat/history request: {"slug":"uigi","hasGuestToken":true}
[2026-01-15T17:35:21.524Z] Session found, messages count: 2
